{"C:\\Users\\Alguien\\Desktop\\Lemoncode\\5_testing\\modulo5_testing.git\\trunk\\04_coverage\\src\\app.tsx": {"path":"C:\\Users\\Alguien\\Desktop\\Lemoncode\\5_testing\\modulo5_testing.git\\trunk\\04_coverage\\src\\app.tsx","statementMap":{"0":{"start":{"line":1,"column":0},"end":{"line":1,"column":31}},"1":{"start":{"line":3,"column":13},"end":{"line":7,"column":2}},"2":{"start":{"line":4,"column":2},"end":{"line":5,"column":null}}},"fnMap":{"0":{"name":"(anonymous_1)","decl":{"start":{"line":3,"column":45},"end":{"line":3,"column":46}},"loc":{"start":{"line":4,"column":2},"end":{"line":5,"column":null}}}},"branchMap":{},"s":{"0":0,"1":0,"2":0},"f":{"0":0},"b":{}}
,"C:\\Users\\Alguien\\Desktop\\Lemoncode\\5_testing\\modulo5_testing.git\\trunk\\04_coverage\\src\\appProvider.tsx": {"path":"C:\\Users\\Alguien\\Desktop\\Lemoncode\\5_testing\\modulo5_testing.git\\trunk\\04_coverage\\src\\appProvider.tsx","statementMap":{"0":{"start":{"line":1,"column":0},"end":{"line":1,"column":31}},"1":{"start":{"line":2,"column":0},"end":{"line":2,"column":39}},"2":{"start":{"line":3,"column":0},"end":{"line":3,"column":39}},"3":{"start":{"line":4,"column":0},"end":{"line":4,"column":32}},"4":{"start":{"line":5,"column":0},"end":{"line":5,"column":40}},"5":{"start":{"line":7,"column":46},"end":{"line":10,"column":null}},"6":{"start":{"line":8,"column":2},"end":{"line":9,"column":null}},"7":{"start":{"line":13,"column":0},"end":{"line":13,"column":40}}},"fnMap":{"0":{"name":"(anonymous_1)","decl":{"start":{"line":7,"column":46},"end":{"line":7,"column":47}},"loc":{"start":{"line":8,"column":2},"end":{"line":9,"column":null}}}},"branchMap":{},"s":{"0":0,"1":0,"2":0,"3":0,"4":0,"5":0,"6":0,"7":0},"f":{"0":0},"b":{}}
,"C:\\Users\\Alguien\\Desktop\\Lemoncode\\5_testing\\modulo5_testing.git\\trunk\\04_coverage\\src\\appRouter.tsx": {"path":"C:\\Users\\Alguien\\Desktop\\Lemoncode\\5_testing\\modulo5_testing.git\\trunk\\04_coverage\\src\\appRouter.tsx","statementMap":{"0":{"start":{"line":1,"column":0},"end":{"line":1,"column":31}},"1":{"start":{"line":2,"column":0},"end":{"line":2,"column":38}},"2":{"start":{"line":3,"column":0},"end":{"line":3,"column":36}},"3":{"start":{"line":4,"column":0},"end":{"line":4,"column":34}},"4":{"start":{"line":6,"column":13},"end":{"line":10,"column":2}},"5":{"start":{"line":7,"column":2},"end":{"line":8,"column":null}}},"fnMap":{"0":{"name":"(anonymous_1)","decl":{"start":{"line":6,"column":51},"end":{"line":6,"column":54}},"loc":{"start":{"line":7,"column":2},"end":{"line":8,"column":null}}}},"branchMap":{},"s":{"0":0,"1":0,"2":0,"3":0,"4":0,"5":0},"f":{"0":0},"b":{}}
,"C:\\Users\\Alguien\\Desktop\\Lemoncode\\5_testing\\modulo5_testing.git\\trunk\\04_coverage\\src\\history.ts": {"path":"C:\\Users\\Alguien\\Desktop\\Lemoncode\\5_testing\\modulo5_testing.git\\trunk\\04_coverage\\src\\history.ts","statementMap":{"0":{"start":{"line":1,"column":0},"end":{"line":1,"column":44}},"1":{"start":{"line":3,"column":13},"end":{"line":3,"column":43}}},"fnMap":{},"branchMap":{},"s":{"0":2,"1":2},"f":{},"b":{}}
,"C:\\Users\\Alguien\\Desktop\\Lemoncode\\5_testing\\modulo5_testing.git\\trunk\\04_coverage\\src\\index.tsx": {"path":"C:\\Users\\Alguien\\Desktop\\Lemoncode\\5_testing\\modulo5_testing.git\\trunk\\04_coverage\\src\\index.tsx","statementMap":{"0":{"start":{"line":1,"column":0},"end":{"line":1,"column":31}},"1":{"start":{"line":2,"column":0},"end":{"line":2,"column":38}},"2":{"start":{"line":3,"column":0},"end":{"line":3,"column":40}},"3":{"start":{"line":5,"column":0},"end":{"line":5,"column":66}}},"fnMap":{},"branchMap":{},"s":{"0":0,"1":0,"2":0,"3":0},"f":{},"b":{}}
,"C:\\Users\\Alguien\\Desktop\\Lemoncode\\5_testing\\modulo5_testing.git\\trunk\\04_coverage\\src\\routes.tsx": {"path":"C:\\Users\\Alguien\\Desktop\\Lemoncode\\5_testing\\modulo5_testing.git\\trunk\\04_coverage\\src\\routes.tsx","statementMap":{"0":{"start":{"line":1,"column":0},"end":{"line":1,"column":31}},"1":{"start":{"line":2,"column":0},"end":{"line":2,"column":45}},"2":{"start":{"line":3,"column":0},"end":{"line":3,"column":51}},"3":{"start":{"line":4,"column":0},"end":{"line":4,"column":28}},"4":{"start":{"line":5,"column":0},"end":{"line":5,"column":70}},"5":{"start":{"line":7,"column":13},"end":{"line":18,"column":2}},"6":{"start":{"line":8,"column":2},"end":{"line":16,"column":null}}},"fnMap":{"0":{"name":"(anonymous_1)","decl":{"start":{"line":7,"column":22},"end":{"line":7,"column":25}},"loc":{"start":{"line":8,"column":2},"end":{"line":16,"column":null}}}},"branchMap":{},"s":{"0":0,"1":0,"2":0,"3":0,"4":0,"5":0,"6":0},"f":{"0":0},"b":{}}
,"C:\\Users\\Alguien\\Desktop\\Lemoncode\\5_testing\\modulo5_testing.git\\trunk\\04_coverage\\src\\store.ts": {"path":"C:\\Users\\Alguien\\Desktop\\Lemoncode\\5_testing\\modulo5_testing.git\\trunk\\04_coverage\\src\\store.ts","statementMap":{"0":{"start":{"line":1,"column":0},"end":{"line":1,"column":62}},"1":{"start":{"line":2,"column":0},"end":{"line":2,"column":37}},"2":{"start":{"line":3,"column":0},"end":{"line":3,"column":35}},"3":{"start":{"line":5,"column":28},"end":{"line":5,"column":34}},"4":{"start":{"line":6,"column":25},"end":{"line":6,"column":87}},"5":{"start":{"line":8,"column":13},"end":{"line":11,"column":2}}},"fnMap":{},"branchMap":{"0":{"loc":{"start":{"line":6,"column":25},"end":{"line":6,"column":76}},"type":"binary-expr","locations":[{"start":{"line":6,"column":25},"end":{"line":6,"column":76}},{"start":{"line":6,"column":80},"end":{"line":6,"column":87}}]}},"s":{"0":0,"1":0,"2":0,"3":0,"4":0,"5":0},"f":{},"b":{"0":[0,0]}}
,"C:\\Users\\Alguien\\Desktop\\Lemoncode\\5_testing\\modulo5_testing.git\\trunk\\04_coverage\\src\\common\\components\\form\\button.tsx": {"path":"C:\\Users\\Alguien\\Desktop\\Lemoncode\\5_testing\\modulo5_testing.git\\trunk\\04_coverage\\src\\common\\components\\form\\button.tsx","statementMap":{"0":{"start":{"line":1,"column":0},"end":{"line":1,"column":31}},"1":{"start":{"line":9,"column":13},"end":{"line":17,"column":2}},"2":{"start":{"line":10,"column":2},"end":{"line":15,"column":null}},"3":{"start":{"line":19,"column":0},"end":{"line":21,"column":2}},"4":{"start":{"line":23,"column":16},"end":{"line":26,"column":1}},"5":{"start":{"line":23,"column":34},"end":{"line":26,"column":1}},"6":{"start":{"line":24,"column":2},"end":{"line":24,"column":21}},"7":{"start":{"line":25,"column":2},"end":{"line":25,"column":18}}},"fnMap":{"0":{"name":"(anonymous_1)","decl":{"start":{"line":9,"column":55},"end":{"line":9,"column":56}},"loc":{"start":{"line":10,"column":2},"end":{"line":15,"column":null}}},"1":{"name":"(anonymous_2)","decl":{"start":{"line":23,"column":16},"end":{"line":23,"column":17}},"loc":{"start":{"line":23,"column":34},"end":{"line":26,"column":1}}},"2":{"name":"(anonymous_3)","decl":{"start":{"line":23,"column":34},"end":{"line":23,"column":35}},"loc":{"start":{"line":23,"column":77},"end":{"line":26,"column":1}}}},"branchMap":{},"s":{"0":2,"1":2,"2":3,"3":2,"4":2,"5":3,"6":1,"7":1},"f":{"0":3,"1":3,"2":1},"b":{}}
,"C:\\Users\\Alguien\\Desktop\\Lemoncode\\5_testing\\modulo5_testing.git\\trunk\\04_coverage\\src\\common\\components\\form\\index.ts": {"path":"C:\\Users\\Alguien\\Desktop\\Lemoncode\\5_testing\\modulo5_testing.git\\trunk\\04_coverage\\src\\common\\components\\form\\index.ts","statementMap":{"0":{"start":{"line":1,"column":0},"end":{"line":1,"column":25}},"1":{"start":{"line":2,"column":0},"end":{"line":2,"column":24}}},"fnMap":{},"branchMap":{},"s":{"0":1,"1":1},"f":{},"b":{}}
,"C:\\Users\\Alguien\\Desktop\\Lemoncode\\5_testing\\modulo5_testing.git\\trunk\\04_coverage\\src\\common\\components\\form\\input.tsx": {"path":"C:\\Users\\Alguien\\Desktop\\Lemoncode\\5_testing\\modulo5_testing.git\\trunk\\04_coverage\\src\\common\\components\\form\\input.tsx","statementMap":{"0":{"start":{"line":1,"column":0},"end":{"line":1,"column":31}},"1":{"start":{"line":14,"column":13},"end":{"line":35,"column":2}},"2":{"start":{"line":15,"column":2},"end":{"line":33,"column":null}},"3":{"start":{"line":37,"column":24},"end":{"line":40,"column":null}},"4":{"start":{"line":38,"column":2},"end":{"line":40,"column":6}},"5":{"start":{"line":43,"column":17},"end":{"line":45,"column":1}},"6":{"start":{"line":43,"column":35},"end":{"line":45,"column":1}},"7":{"start":{"line":44,"column":2},"end":{"line":44,"column":48}},"8":{"start":{"line":47,"column":0},"end":{"line":49,"column":2}}},"fnMap":{"0":{"name":"(anonymous_1)","decl":{"start":{"line":14,"column":54},"end":{"line":14,"column":55}},"loc":{"start":{"line":15,"column":2},"end":{"line":33,"column":null}}},"1":{"name":"(anonymous_2)","decl":{"start":{"line":37,"column":24},"end":{"line":37,"column":25}},"loc":{"start":{"line":38,"column":2},"end":{"line":40,"column":6}}},"2":{"name":"(anonymous_3)","decl":{"start":{"line":43,"column":17},"end":{"line":43,"column":18}},"loc":{"start":{"line":43,"column":35},"end":{"line":45,"column":1}}},"3":{"name":"(anonymous_4)","decl":{"start":{"line":43,"column":35},"end":{"line":43,"column":36}},"loc":{"start":{"line":43,"column":78},"end":{"line":45,"column":1}}}},"branchMap":{"0":{"loc":{"start":{"line":28,"column":8},"end":{"line":28,"column":28}},"type":"binary-expr","locations":[{"start":{"line":28,"column":8},"end":{"line":28,"column":28}},{"start":{"line":29,"column":8},"end":{"line":30,"column":null}}]},"1":{"loc":{"start":{"line":39,"column":4},"end":{"line":39,"column":16}},"type":"cond-expr","locations":[{"start":{"line":39,"column":4},"end":{"line":39,"column":16}},{"start":{"line":40,"column":4},"end":{"line":40,"column":6}}]}},"s":{"0":2,"1":2,"2":4,"3":2,"4":4,"5":2,"6":4,"7":1,"8":2},"f":{"0":4,"1":4,"2":4,"3":1},"b":{"0":[4,3],"1":[3,1]}}
,"C:\\Users\\Alguien\\Desktop\\Lemoncode\\5_testing\\modulo5_testing.git\\trunk\\04_coverage\\src\\common\\components\\panel\\index.ts": {"path":"C:\\Users\\Alguien\\Desktop\\Lemoncode\\5_testing\\modulo5_testing.git\\trunk\\04_coverage\\src\\common\\components\\panel\\index.ts","statementMap":{"0":{"start":{"line":1,"column":0},"end":{"line":1,"column":24}}},"fnMap":{},"branchMap":{},"s":{"0":1},"f":{},"b":{}}
,"C:\\Users\\Alguien\\Desktop\\Lemoncode\\5_testing\\modulo5_testing.git\\trunk\\04_coverage\\src\\common\\components\\panel\\panel.tsx": {"path":"C:\\Users\\Alguien\\Desktop\\Lemoncode\\5_testing\\modulo5_testing.git\\trunk\\04_coverage\\src\\common\\components\\panel\\panel.tsx","statementMap":{"0":{"start":{"line":1,"column":0},"end":{"line":1,"column":31}},"1":{"start":{"line":2,"column":0},"end":{"line":2,"column":44}},"2":{"start":{"line":8,"column":13},"end":{"line":15,"column":2}},"3":{"start":{"line":9,"column":2},"end":{"line":13,"column":null}}},"fnMap":{"0":{"name":"(anonymous_1)","decl":{"start":{"line":8,"column":54},"end":{"line":8,"column":55}},"loc":{"start":{"line":9,"column":2},"end":{"line":13,"column":null}}}},"branchMap":{},"s":{"0":2,"1":2,"2":2,"3":2},"f":{"0":2},"b":{}}
,"C:\\Users\\Alguien\\Desktop\\Lemoncode\\5_testing\\modulo5_testing.git\\trunk\\04_coverage\\src\\common\\components\\panel\\components\\body.tsx": {"path":"C:\\Users\\Alguien\\Desktop\\Lemoncode\\5_testing\\modulo5_testing.git\\trunk\\04_coverage\\src\\common\\components\\panel\\components\\body.tsx","statementMap":{"0":{"start":{"line":1,"column":0},"end":{"line":1,"column":31}},"1":{"start":{"line":3,"column":13},"end":{"line":9,"column":2}},"2":{"start":{"line":4,"column":2},"end":{"line":7,"column":null}}},"fnMap":{"0":{"name":"(anonymous_1)","decl":{"start":{"line":3,"column":46},"end":{"line":3,"column":47}},"loc":{"start":{"line":4,"column":2},"end":{"line":7,"column":null}}}},"branchMap":{},"s":{"0":3,"1":3,"2":2},"f":{"0":2},"b":{}}
,"C:\\Users\\Alguien\\Desktop\\Lemoncode\\5_testing\\modulo5_testing.git\\trunk\\04_coverage\\src\\common\\components\\panel\\components\\header.tsx": {"path":"C:\\Users\\Alguien\\Desktop\\Lemoncode\\5_testing\\modulo5_testing.git\\trunk\\04_coverage\\src\\common\\components\\panel\\components\\header.tsx","statementMap":{"0":{"start":{"line":1,"column":0},"end":{"line":1,"column":31}},"1":{"start":{"line":2,"column":15},"end":{"line":2,"column":39}},"2":{"start":{"line":8,"column":13},"end":{"line":12,"column":2}},"3":{"start":{"line":9,"column":2},"end":{"line":10,"column":null}}},"fnMap":{"0":{"name":"(anonymous_1)","decl":{"start":{"line":8,"column":22},"end":{"line":8,"column":23}},"loc":{"start":{"line":9,"column":2},"end":{"line":10,"column":null}}}},"branchMap":{},"s":{"0":3,"1":3,"2":3,"3":2},"f":{"0":2},"b":{}}
,"C:\\Users\\Alguien\\Desktop\\Lemoncode\\5_testing\\modulo5_testing.git\\trunk\\04_coverage\\src\\common\\components\\panel\\components\\index.ts": {"path":"C:\\Users\\Alguien\\Desktop\\Lemoncode\\5_testing\\modulo5_testing.git\\trunk\\04_coverage\\src\\common\\components\\panel\\components\\index.ts","statementMap":{"0":{"start":{"line":1,"column":0},"end":{"line":1,"column":23}},"1":{"start":{"line":2,"column":0},"end":{"line":2,"column":25}}},"fnMap":{},"branchMap":{},"s":{"0":2,"1":2},"f":{},"b":{}}
,"C:\\Users\\Alguien\\Desktop\\Lemoncode\\5_testing\\modulo5_testing.git\\trunk\\04_coverage\\src\\common\\constants\\routes\\index.ts": {"path":"C:\\Users\\Alguien\\Desktop\\Lemoncode\\5_testing\\modulo5_testing.git\\trunk\\04_coverage\\src\\common\\constants\\routes\\index.ts","statementMap":{"0":{"start":{"line":1,"column":13},"end":{"line":4,"column":2}}},"fnMap":{},"branchMap":{},"s":{"0":2},"f":{},"b":{}}
,"C:\\Users\\Alguien\\Desktop\\Lemoncode\\5_testing\\modulo5_testing.git\\trunk\\04_coverage\\src\\pages\\index.ts": {"path":"C:\\Users\\Alguien\\Desktop\\Lemoncode\\5_testing\\modulo5_testing.git\\trunk\\04_coverage\\src\\pages\\index.ts","statementMap":{"0":{"start":{"line":1,"column":0},"end":{"line":1,"column":24}},"1":{"start":{"line":2,"column":0},"end":{"line":2,"column":26}},"2":{"start":{"line":3,"column":0},"end":{"line":3,"column":27}}},"fnMap":{},"branchMap":{},"s":{"0":0,"1":0,"2":0},"f":{},"b":{}}
,"C:\\Users\\Alguien\\Desktop\\Lemoncode\\5_testing\\modulo5_testing.git\\trunk\\04_coverage\\src\\pages\\reducers.ts": {"path":"C:\\Users\\Alguien\\Desktop\\Lemoncode\\5_testing\\modulo5_testing.git\\trunk\\04_coverage\\src\\pages\\reducers.ts","statementMap":{"0":{"start":{"line":1,"column":0},"end":{"line":1,"column":40}},"1":{"start":{"line":2,"column":0},"end":{"line":2,"column":51}},"2":{"start":{"line":3,"column":0},"end":{"line":3,"column":62}},"3":{"start":{"line":10,"column":13},"end":{"line":13,"column":3}}},"fnMap":{},"branchMap":{},"s":{"0":0,"1":0,"2":0,"3":0},"f":{},"b":{}}
,"C:\\Users\\Alguien\\Desktop\\Lemoncode\\5_testing\\modulo5_testing.git\\trunk\\04_coverage\\src\\pages\\login\\index.ts": {"path":"C:\\Users\\Alguien\\Desktop\\Lemoncode\\5_testing\\modulo5_testing.git\\trunk\\04_coverage\\src\\pages\\login\\index.ts","statementMap":{"0":{"start":{"line":1,"column":0},"end":{"line":1,"column":32}},"1":{"start":{"line":2,"column":0},"end":{"line":2,"column":27}}},"fnMap":{},"branchMap":{},"s":{"0":0,"1":0},"f":{},"b":{}}
,"C:\\Users\\Alguien\\Desktop\\Lemoncode\\5_testing\\modulo5_testing.git\\trunk\\04_coverage\\src\\pages\\login\\mappers.ts": {"path":"C:\\Users\\Alguien\\Desktop\\Lemoncode\\5_testing\\modulo5_testing.git\\trunk\\04_coverage\\src\\pages\\login\\mappers.ts","statementMap":{"0":{"start":{"line":4,"column":13},"end":{"line":10,"column":2}},"1":{"start":{"line":5,"column":2},"end":{"line":9,"column":6}}},"fnMap":{"0":{"name":"(anonymous_0)","decl":{"start":{"line":4,"column":39},"end":{"line":4,"column":40}},"loc":{"start":{"line":5,"column":2},"end":{"line":9,"column":6}}}},"branchMap":{"0":{"loc":{"start":{"line":5,"column":24},"end":{"line":7,"column":null}},"type":"cond-expr","locations":[{"start":{"line":5,"column":24},"end":{"line":7,"column":null}},{"start":{"line":9,"column":2},"end":{"line":9,"column":6}}]}},"s":{"0":3,"1":5},"f":{"0":5},"b":{"0":[3,2]}}
,"C:\\Users\\Alguien\\Desktop\\Lemoncode\\5_testing\\modulo5_testing.git\\trunk\\04_coverage\\src\\pages\\login\\page.tsx": {"path":"C:\\Users\\Alguien\\Desktop\\Lemoncode\\5_testing\\modulo5_testing.git\\trunk\\04_coverage\\src\\pages\\login\\page.tsx","statementMap":{"0":{"start":{"line":1,"column":0},"end":{"line":1,"column":31}},"1":{"start":{"line":2,"column":0},"end":{"line":2,"column":54}},"2":{"start":{"line":3,"column":0},"end":{"line":3,"column":47}},"3":{"start":{"line":5,"column":13},"end":{"line":11,"column":2}},"4":{"start":{"line":6,"column":2},"end":{"line":9,"column":null}}},"fnMap":{"0":{"name":"(anonymous_1)","decl":{"start":{"line":5,"column":62},"end":{"line":5,"column":63}},"loc":{"start":{"line":6,"column":2},"end":{"line":9,"column":null}}}},"branchMap":{},"s":{"0":1,"1":1,"2":1,"3":1,"4":0},"f":{"0":0},"b":{}}
,"C:\\Users\\Alguien\\Desktop\\Lemoncode\\5_testing\\modulo5_testing.git\\trunk\\04_coverage\\src\\pages\\login\\pageContainer.tsx": {"path":"C:\\Users\\Alguien\\Desktop\\Lemoncode\\5_testing\\modulo5_testing.git\\trunk\\04_coverage\\src\\pages\\login\\pageContainer.tsx","statementMap":{"0":{"start":{"line":1,"column":0},"end":{"line":1,"column":38}},"1":{"start":{"line":3,"column":0},"end":{"line":3,"column":74}},"2":{"start":{"line":4,"column":0},"end":{"line":4,"column":54}},"3":{"start":{"line":6,"column":0},"end":{"line":6,"column":35}},"4":{"start":{"line":8,"column":24},"end":{"line":11,"column":2}},"5":{"start":{"line":13,"column":27},"end":{"line":18,"column":2}},"6":{"start":{"line":14,"column":45},"end":{"line":15,"column":null}},"7":{"start":{"line":14,"column":80},"end":{"line":15,"column":null}},"8":{"start":{"line":17,"column":41},"end":{"line":17,"column":82}},"9":{"start":{"line":17,"column":47},"end":{"line":17,"column":82}},"10":{"start":{"line":20,"column":19},"end":{"line":24,"column":null}},"11":{"start":{"line":20,"column":60},"end":{"line":24,"column":null}},"12":{"start":{"line":27,"column":13},"end":{"line":31,"column":13}}},"fnMap":{"0":{"name":"(anonymous_2)","decl":{"start":{"line":14,"column":15},"end":{"line":14,"column":16}},"loc":{"start":{"line":14,"column":45},"end":{"line":15,"column":null}}},"1":{"name":"(anonymous_3)","decl":{"start":{"line":14,"column":45},"end":{"line":14,"column":46}},"loc":{"start":{"line":14,"column":80},"end":{"line":15,"column":null}}},"2":{"name":"(anonymous_4)","decl":{"start":{"line":17,"column":11},"end":{"line":17,"column":12}},"loc":{"start":{"line":17,"column":41},"end":{"line":17,"column":82}}},"3":{"name":"(anonymous_5)","decl":{"start":{"line":17,"column":41},"end":{"line":17,"column":44}},"loc":{"start":{"line":17,"column":47},"end":{"line":17,"column":82}}},"4":{"name":"(anonymous_6)","decl":{"start":{"line":20,"column":19},"end":{"line":20,"column":20}},"loc":{"start":{"line":20,"column":60},"end":{"line":24,"column":null}}}},"branchMap":{},"s":{"0":1,"1":1,"2":1,"3":1,"4":1,"5":1,"6":4,"7":1,"8":4,"9":1,"10":1,"11":4,"12":1},"f":{"0":4,"1":1,"2":4,"3":1,"4":4},"b":{}}
,"C:\\Users\\Alguien\\Desktop\\Lemoncode\\5_testing\\modulo5_testing.git\\trunk\\04_coverage\\src\\pages\\login\\validations.ts": {"path":"C:\\Users\\Alguien\\Desktop\\Lemoncode\\5_testing\\modulo5_testing.git\\trunk\\04_coverage\\src\\pages\\login\\validations.ts","statementMap":{"0":{"start":{"line":1,"column":0},"end":{"line":1,"column":93}},"1":{"start":{"line":14,"column":13},"end":{"line":14,"column":71}}},"fnMap":{},"branchMap":{},"s":{"0":4,"1":4},"f":{},"b":{}}
,"C:\\Users\\Alguien\\Desktop\\Lemoncode\\5_testing\\modulo5_testing.git\\trunk\\04_coverage\\src\\pages\\login\\viewModel.ts": {"path":"C:\\Users\\Alguien\\Desktop\\Lemoncode\\5_testing\\modulo5_testing.git\\trunk\\04_coverage\\src\\pages\\login\\viewModel.ts","statementMap":{"0":{"start":{"line":1,"column":0},"end":{"line":1,"column":59}},"1":{"start":{"line":8,"column":13},"end":{"line":11,"column":3}},"2":{"start":{"line":18,"column":13},"end":{"line":21,"column":3}}},"fnMap":{},"branchMap":{},"s":{"0":2,"1":2,"2":2},"f":{},"b":{}}
,"C:\\Users\\Alguien\\Desktop\\Lemoncode\\5_testing\\modulo5_testing.git\\trunk\\04_coverage\\src\\pages\\login\\actions\\actionIds.ts": {"path":"C:\\Users\\Alguien\\Desktop\\Lemoncode\\5_testing\\modulo5_testing.git\\trunk\\04_coverage\\src\\pages\\login\\actions\\actionIds.ts","statementMap":{"0":{"start":{"line":1,"column":13},"end":{"line":4,"column":2}}},"fnMap":{},"branchMap":{},"s":{"0":4},"f":{},"b":{}}
,"C:\\Users\\Alguien\\Desktop\\Lemoncode\\5_testing\\modulo5_testing.git\\trunk\\04_coverage\\src\\pages\\login\\actions\\loginRequest.ts": {"path":"C:\\Users\\Alguien\\Desktop\\Lemoncode\\5_testing\\modulo5_testing.git\\trunk\\04_coverage\\src\\pages\\login\\actions\\loginRequest.ts","statementMap":{"0":{"start":{"line":2,"column":0},"end":{"line":2,"column":45}},"1":{"start":{"line":4,"column":0},"end":{"line":4,"column":53}},"2":{"start":{"line":5,"column":0},"end":{"line":5,"column":52}},"3":{"start":{"line":6,"column":0},"end":{"line":6,"column":43}},"4":{"start":{"line":7,"column":0},"end":{"line":7,"column":58}},"5":{"start":{"line":8,"column":0},"end":{"line":8,"column":40}},"6":{"start":{"line":10,"column":13},"end":{"line":17,"column":2}},"7":{"start":{"line":10,"column":58},"end":{"line":16,"column":null}},"8":{"start":{"line":11,"column":2},"end":{"line":16,"column":6}},"9":{"start":{"line":13,"column":6},"end":{"line":15,"column":74}},"10":{"start":{"line":19,"column":16},"end":{"line":26,"column":1}},"11":{"start":{"line":20,"column":27},"end":{"line":20,"column":63}},"12":{"start":{"line":21,"column":2},"end":{"line":25,"column":24}},"13":{"start":{"line":23,"column":6},"end":{"line":23,"column":35}},"14":{"start":{"line":28,"column":30},"end":{"line":31,"column":2}}},"fnMap":{"0":{"name":"(anonymous_0)","decl":{"start":{"line":10,"column":28},"end":{"line":10,"column":29}},"loc":{"start":{"line":10,"column":58},"end":{"line":16,"column":null}}},"1":{"name":"(anonymous_1)","decl":{"start":{"line":10,"column":58},"end":{"line":10,"column":59}},"loc":{"start":{"line":11,"column":2},"end":{"line":16,"column":6}}},"2":{"name":"(anonymous_2)","decl":{"start":{"line":12,"column":10},"end":{"line":12,"column":11}},"loc":{"start":{"line":12,"column":35},"end":{"line":16,"column":5}}},"3":{"name":"(anonymous_3)","decl":{"start":{"line":19,"column":16},"end":{"line":19,"column":17}},"loc":{"start":{"line":19,"column":45},"end":{"line":26,"column":1}}},"4":{"name":"(anonymous_4)","decl":{"start":{"line":22,"column":10},"end":{"line":22,"column":13}},"loc":{"start":{"line":22,"column":15},"end":{"line":24,"column":5}}}},"branchMap":{"0":{"loc":{"start":{"line":14,"column":8},"end":{"line":14,"column":28}},"type":"cond-expr","locations":[{"start":{"line":14,"column":8},"end":{"line":14,"column":28}},{"start":{"line":15,"column":8},"end":{"line":15,"column":73}}]}},"s":{"0":2,"1":2,"2":2,"3":2,"4":2,"5":2,"6":2,"7":5,"8":5,"9":5,"10":2,"11":4,"12":4,"13":1,"14":2},"f":{"0":5,"1":5,"2":5,"3":4,"4":1},"b":{"0":[4,1]}}
,"C:\\Users\\Alguien\\Desktop\\Lemoncode\\5_testing\\modulo5_testing.git\\trunk\\04_coverage\\src\\pages\\login\\actions\\updateLoginEntityField.ts": {"path":"C:\\Users\\Alguien\\Desktop\\Lemoncode\\5_testing\\modulo5_testing.git\\trunk\\04_coverage\\src\\pages\\login\\actions\\updateLoginEntityField.ts","statementMap":{"0":{"start":{"line":2,"column":0},"end":{"line":2,"column":40}},"1":{"start":{"line":3,"column":0},"end":{"line":3,"column":45}},"2":{"start":{"line":6,"column":13},"end":{"line":20,"column":3}},"3":{"start":{"line":10,"column":6},"end":{"line":20,"column":1}},"4":{"start":{"line":11,"column":18},"end":{"line":18,"column":8}},"5":{"start":{"line":14,"column":25},"end":{"line":14,"column":92}},"6":{"start":{"line":16,"column":14},"end":{"line":16,"column":31}},"7":{"start":{"line":19,"column":2},"end":{"line":19,"column":17}},"8":{"start":{"line":22,"column":13},"end":{"line":30,"column":5}}},"fnMap":{"0":{"name":"(anonymous_0)","decl":{"start":{"line":6,"column":38},"end":{"line":6,"column":null}},"loc":{"start":{"line":10,"column":6},"end":{"line":20,"column":1}}},"1":{"name":"(anonymous_1)","decl":{"start":{"line":10,"column":6},"end":{"line":10,"column":7}},"loc":{"start":{"line":10,"column":19},"end":{"line":20,"column":1}}},"2":{"name":"(anonymous_2)","decl":{"start":{"line":13,"column":12},"end":{"line":13,"column":13}},"loc":{"start":{"line":13,"column":33},"end":{"line":18,"column":7}}}},"branchMap":{},"s":{"0":2,"1":2,"2":2,"3":2,"4":2,"5":2,"6":2,"7":2,"8":2},"f":{"0":2,"1":2,"2":2},"b":{}}
,"C:\\Users\\Alguien\\Desktop\\Lemoncode\\5_testing\\modulo5_testing.git\\trunk\\04_coverage\\src\\pages\\login\\components\\form.tsx": {"path":"C:\\Users\\Alguien\\Desktop\\Lemoncode\\5_testing\\modulo5_testing.git\\trunk\\04_coverage\\src\\pages\\login\\components\\form.tsx","statementMap":{"0":{"start":{"line":1,"column":0},"end":{"line":1,"column":31}},"1":{"start":{"line":3,"column":0},"end":{"line":3,"column":64}},"2":{"start":{"line":5,"column":13},"end":{"line":31,"column":2}},"3":{"start":{"line":6,"column":2},"end":{"line":29,"column":null}}},"fnMap":{"0":{"name":"(anonymous_1)","decl":{"start":{"line":5,"column":57},"end":{"line":5,"column":58}},"loc":{"start":{"line":6,"column":2},"end":{"line":29,"column":null}}}},"branchMap":{},"s":{"0":1,"1":1,"2":1,"3":0},"f":{"0":0},"b":{}}
,"C:\\Users\\Alguien\\Desktop\\Lemoncode\\5_testing\\modulo5_testing.git\\trunk\\04_coverage\\src\\pages\\login\\components\\index.ts": {"path":"C:\\Users\\Alguien\\Desktop\\Lemoncode\\5_testing\\modulo5_testing.git\\trunk\\04_coverage\\src\\pages\\login\\components\\index.ts","statementMap":{"0":{"start":{"line":1,"column":0},"end":{"line":1,"column":23}}},"fnMap":{},"branchMap":{},"s":{"0":1},"f":{},"b":{}}
,"C:\\Users\\Alguien\\Desktop\\Lemoncode\\5_testing\\modulo5_testing.git\\trunk\\04_coverage\\src\\pages\\login\\reducers\\index.ts": {"path":"C:\\Users\\Alguien\\Desktop\\Lemoncode\\5_testing\\modulo5_testing.git\\trunk\\04_coverage\\src\\pages\\login\\reducers\\index.ts","statementMap":{"0":{"start":{"line":1,"column":0},"end":{"line":1,"column":24}}},"fnMap":{},"branchMap":{},"s":{"0":0},"f":{},"b":{}}
,"C:\\Users\\Alguien\\Desktop\\Lemoncode\\5_testing\\modulo5_testing.git\\trunk\\04_coverage\\src\\pages\\login\\reducers\\login.ts": {"path":"C:\\Users\\Alguien\\Desktop\\Lemoncode\\5_testing\\modulo5_testing.git\\trunk\\04_coverage\\src\\pages\\login\\reducers\\login.ts","statementMap":{"0":{"start":{"line":1,"column":0},"end":{"line":1,"column":49}},"1":{"start":{"line":2,"column":0},"end":{"line":2,"column":null}},"2":{"start":{"line":12,"column":25},"end":{"line":15,"column":2}},"3":{"start":{"line":17,"column":13},"end":{"line":27,"column":2}},"4":{"start":{"line":20,"column":6},"end":{"line":20,"column":65}},"5":{"start":{"line":23,"column":6},"end":{"line":23,"column":64}},"6":{"start":{"line":26,"column":2},"end":{"line":26,"column":15}},"7":{"start":{"line":29,"column":37},"end":{"line":38,"column":2}},"8":{"start":{"line":40,"column":36},"end":{"line":42,"column":null}},"9":{"start":{"line":40,"column":105},"end":{"line":42,"column":null}}},"fnMap":{"0":{"name":"(anonymous_1)","decl":{"start":{"line":17,"column":28},"end":{"line":17,"column":29}},"loc":{"start":{"line":17,"column":67},"end":{"line":27,"column":1}}},"1":{"name":"(anonymous_3)","decl":{"start":{"line":40,"column":36},"end":{"line":40,"column":37}},"loc":{"start":{"line":40,"column":105},"end":{"line":42,"column":null}}}},"branchMap":{"0":{"loc":{"start":{"line":17,"column":37},"end":{"line":17,"column":55}},"type":"default-arg","locations":[{"start":{"line":17,"column":37},"end":{"line":17,"column":55}}]},"1":{"loc":{"start":{"line":19,"column":4},"end":{"line":20,"column":65}},"type":"switch","locations":[{"start":{"line":19,"column":4},"end":{"line":20,"column":65}},{"start":{"line":22,"column":4},"end":{"line":23,"column":64}}]}},"s":{"0":1,"1":1,"2":1,"3":1,"4":2,"5":1,"6":2,"7":1,"8":1,"9":1},"f":{"0":5,"1":1},"b":{"0":[1],"1":[2,1]}}
,"C:\\Users\\Alguien\\Desktop\\Lemoncode\\5_testing\\modulo5_testing.git\\trunk\\04_coverage\\src\\pages\\members\\index.ts": {"path":"C:\\Users\\Alguien\\Desktop\\Lemoncode\\5_testing\\modulo5_testing.git\\trunk\\04_coverage\\src\\pages\\members\\index.ts","statementMap":{"0":{"start":{"line":1,"column":0},"end":{"line":1,"column":23}}},"fnMap":{},"branchMap":{},"s":{"0":0},"f":{},"b":{}}
,"C:\\Users\\Alguien\\Desktop\\Lemoncode\\5_testing\\modulo5_testing.git\\trunk\\04_coverage\\src\\pages\\members\\list\\mappers.ts": {"path":"C:\\Users\\Alguien\\Desktop\\Lemoncode\\5_testing\\modulo5_testing.git\\trunk\\04_coverage\\src\\pages\\members\\list\\mappers.ts","statementMap":{"0":{"start":{"line":4,"column":13},"end":{"line":8,"column":2}},"1":{"start":{"line":5,"column":2},"end":{"line":7,"column":6}},"2":{"start":{"line":10,"column":27},"end":{"line":14,"column":2}}},"fnMap":{"0":{"name":"(anonymous_0)","decl":{"start":{"line":4,"column":38},"end":{"line":4,"column":39}},"loc":{"start":{"line":5,"column":2},"end":{"line":7,"column":6}}}},"branchMap":{"0":{"loc":{"start":{"line":6,"column":4},"end":{"line":6,"column":35}},"type":"cond-expr","locations":[{"start":{"line":6,"column":4},"end":{"line":6,"column":35}},{"start":{"line":7,"column":4},"end":{"line":7,"column":6}}]}},"s":{"0":2,"1":7,"2":2},"f":{"0":7},"b":{"0":[5,2]}}
,"C:\\Users\\Alguien\\Desktop\\Lemoncode\\5_testing\\modulo5_testing.git\\trunk\\04_coverage\\src\\pages\\members\\list\\page.tsx": {"path":"C:\\Users\\Alguien\\Desktop\\Lemoncode\\5_testing\\modulo5_testing.git\\trunk\\04_coverage\\src\\pages\\members\\list\\page.tsx","statementMap":{"0":{"start":{"line":1,"column":0},"end":{"line":1,"column":31}},"1":{"start":{"line":3,"column":0},"end":{"line":3,"column":37}},"2":{"start":{"line":9,"column":13},"end":{"line":16,"column":2}},"3":{"start":{"line":10,"column":2},"end":{"line":14,"column":null}}},"fnMap":{"0":{"name":"(anonymous_1)","decl":{"start":{"line":9,"column":63},"end":{"line":9,"column":64}},"loc":{"start":{"line":10,"column":2},"end":{"line":14,"column":null}}}},"branchMap":{},"s":{"0":1,"1":1,"2":1,"3":1},"f":{"0":1},"b":{}}
,"C:\\Users\\Alguien\\Desktop\\Lemoncode\\5_testing\\modulo5_testing.git\\trunk\\04_coverage\\src\\pages\\members\\list\\pageContainer.tsx": {"path":"C:\\Users\\Alguien\\Desktop\\Lemoncode\\5_testing\\modulo5_testing.git\\trunk\\04_coverage\\src\\pages\\members\\list\\pageContainer.tsx","statementMap":{"0":{"start":{"line":1,"column":0},"end":{"line":1,"column":31}},"1":{"start":{"line":2,"column":0},"end":{"line":2,"column":38}},"2":{"start":{"line":4,"column":0},"end":{"line":4,"column":51}},"3":{"start":{"line":5,"column":0},"end":{"line":5,"column":54}},"4":{"start":{"line":7,"column":0},"end":{"line":7,"column":40}},"5":{"start":{"line":9,"column":24},"end":{"line":11,"column":2}},"6":{"start":{"line":13,"column":27},"end":{"line":15,"column":2}},"7":{"start":{"line":14,"column":22},"end":{"line":14,"column":46}},"8":{"start":{"line":24,"column":4},"end":{"line":24,"column":30}},"9":{"start":{"line":28,"column":4},"end":{"line":32,"column":6}},"10":{"start":{"line":36,"column":13},"end":{"line":39,"column":17}}},"fnMap":{"0":{"name":"(anonymous_3)","decl":{"start":{"line":14,"column":16},"end":{"line":14,"column":19}},"loc":{"start":{"line":14,"column":22},"end":{"line":14,"column":46}}},"1":{"name":"(anonymous_4)","decl":{"start":{"line":23,"column":2},"end":{"line":23,"column":19}},"loc":{"start":{"line":23,"column":19},"end":{"line":25,"column":3}}},"2":{"name":"(anonymous_5)","decl":{"start":{"line":27,"column":2},"end":{"line":27,"column":8}},"loc":{"start":{"line":27,"column":8},"end":{"line":33,"column":3}}}},"branchMap":{},"s":{"0":1,"1":1,"2":1,"3":1,"4":1,"5":1,"6":1,"7":1,"8":1,"9":1,"10":1},"f":{"0":1,"1":1,"2":1},"b":{}}
,"C:\\Users\\Alguien\\Desktop\\Lemoncode\\5_testing\\modulo5_testing.git\\trunk\\04_coverage\\src\\pages\\members\\list\\actions\\actionIds.ts": {"path":"C:\\Users\\Alguien\\Desktop\\Lemoncode\\5_testing\\modulo5_testing.git\\trunk\\04_coverage\\src\\pages\\members\\list\\actions\\actionIds.ts","statementMap":{"0":{"start":{"line":1,"column":13},"end":{"line":3,"column":2}}},"fnMap":{},"branchMap":{},"s":{"0":3},"f":{},"b":{}}
,"C:\\Users\\Alguien\\Desktop\\Lemoncode\\5_testing\\modulo5_testing.git\\trunk\\04_coverage\\src\\pages\\members\\list\\actions\\fetchMembers.ts": {"path":"C:\\Users\\Alguien\\Desktop\\Lemoncode\\5_testing\\modulo5_testing.git\\trunk\\04_coverage\\src\\pages\\members\\list\\actions\\fetchMembers.ts","statementMap":{"0":{"start":{"line":1,"column":0},"end":{"line":1,"column":40}},"1":{"start":{"line":3,"column":0},"end":{"line":3,"column":61}},"2":{"start":{"line":5,"column":13},"end":{"line":9,"column":2}},"3":{"start":{"line":5,"column":34},"end":{"line":8,"column":null}},"4":{"start":{"line":6,"column":2},"end":{"line":8,"column":23}},"5":{"start":{"line":7,"column":23},"end":{"line":7,"column":63}},"6":{"start":{"line":11,"column":30},"end":{"line":14,"column":2}}},"fnMap":{"0":{"name":"(anonymous_1)","decl":{"start":{"line":5,"column":28},"end":{"line":5,"column":31}},"loc":{"start":{"line":5,"column":34},"end":{"line":8,"column":null}}},"1":{"name":"(anonymous_2)","decl":{"start":{"line":5,"column":34},"end":{"line":5,"column":35}},"loc":{"start":{"line":6,"column":2},"end":{"line":8,"column":23}}},"2":{"name":"(anonymous_3)","decl":{"start":{"line":7,"column":10},"end":{"line":7,"column":11}},"loc":{"start":{"line":7,"column":23},"end":{"line":7,"column":63}}}},"branchMap":{},"s":{"0":2,"1":2,"2":2,"3":3,"4":3,"5":2,"6":2},"f":{"0":3,"1":3,"2":2},"b":{}}
,"C:\\Users\\Alguien\\Desktop\\Lemoncode\\5_testing\\modulo5_testing.git\\trunk\\04_coverage\\src\\pages\\members\\list\\components\\body.tsx": {"path":"C:\\Users\\Alguien\\Desktop\\Lemoncode\\5_testing\\modulo5_testing.git\\trunk\\04_coverage\\src\\pages\\members\\list\\components\\body.tsx","statementMap":{"0":{"start":{"line":1,"column":0},"end":{"line":1,"column":31}},"1":{"start":{"line":3,"column":0},"end":{"line":3,"column":28}},"2":{"start":{"line":9,"column":13},"end":{"line":20,"column":2}},"3":{"start":{"line":10,"column":2},"end":{"line":17,"column":null}},"4":{"start":{"line":13,"column":8},"end":{"line":15,"column":null}}},"fnMap":{"0":{"name":"(anonymous_1)","decl":{"start":{"line":9,"column":53},"end":{"line":9,"column":54}},"loc":{"start":{"line":10,"column":2},"end":{"line":17,"column":null}}},"1":{"name":"(anonymous_2)","decl":{"start":{"line":12,"column":24},"end":{"line":12,"column":25}},"loc":{"start":{"line":13,"column":8},"end":{"line":15,"column":null}}}},"branchMap":{},"s":{"0":1,"1":1,"2":1,"3":1,"4":1},"f":{"0":1,"1":1},"b":{}}
,"C:\\Users\\Alguien\\Desktop\\Lemoncode\\5_testing\\modulo5_testing.git\\trunk\\04_coverage\\src\\pages\\members\\list\\components\\header.tsx": {"path":"C:\\Users\\Alguien\\Desktop\\Lemoncode\\5_testing\\modulo5_testing.git\\trunk\\04_coverage\\src\\pages\\members\\list\\components\\header.tsx","statementMap":{"0":{"start":{"line":1,"column":0},"end":{"line":1,"column":31}},"1":{"start":{"line":3,"column":13},"end":{"line":17,"column":2}},"2":{"start":{"line":4,"column":2},"end":{"line":15,"column":null}}},"fnMap":{"0":{"name":"(anonymous_1)","decl":{"start":{"line":3,"column":48},"end":{"line":3,"column":49}},"loc":{"start":{"line":4,"column":2},"end":{"line":15,"column":null}}}},"branchMap":{},"s":{"0":1,"1":1,"2":1},"f":{"0":1},"b":{}}
,"C:\\Users\\Alguien\\Desktop\\Lemoncode\\5_testing\\modulo5_testing.git\\trunk\\04_coverage\\src\\pages\\members\\list\\components\\index.ts": {"path":"C:\\Users\\Alguien\\Desktop\\Lemoncode\\5_testing\\modulo5_testing.git\\trunk\\04_coverage\\src\\pages\\members\\list\\components\\index.ts","statementMap":{"0":{"start":{"line":1,"column":0},"end":{"line":1,"column":24}}},"fnMap":{},"branchMap":{},"s":{"0":1},"f":{},"b":{}}
,"C:\\Users\\Alguien\\Desktop\\Lemoncode\\5_testing\\modulo5_testing.git\\trunk\\04_coverage\\src\\pages\\members\\list\\components\\row.tsx": {"path":"C:\\Users\\Alguien\\Desktop\\Lemoncode\\5_testing\\modulo5_testing.git\\trunk\\04_coverage\\src\\pages\\members\\list\\components\\row.tsx","statementMap":{"0":{"start":{"line":1,"column":0},"end":{"line":1,"column":31}},"1":{"start":{"line":8,"column":13},"end":{"line":20,"column":2}},"2":{"start":{"line":9,"column":2},"end":{"line":18,"column":null}}},"fnMap":{"0":{"name":"(anonymous_1)","decl":{"start":{"line":8,"column":52},"end":{"line":8,"column":53}},"loc":{"start":{"line":9,"column":2},"end":{"line":18,"column":null}}}},"branchMap":{},"s":{"0":1,"1":1,"2":1},"f":{"0":1},"b":{}}
,"C:\\Users\\Alguien\\Desktop\\Lemoncode\\5_testing\\modulo5_testing.git\\trunk\\04_coverage\\src\\pages\\members\\list\\components\\table.tsx": {"path":"C:\\Users\\Alguien\\Desktop\\Lemoncode\\5_testing\\modulo5_testing.git\\trunk\\04_coverage\\src\\pages\\members\\list\\components\\table.tsx","statementMap":{"0":{"start":{"line":1,"column":0},"end":{"line":1,"column":31}},"1":{"start":{"line":3,"column":0},"end":{"line":3,"column":34}},"2":{"start":{"line":4,"column":0},"end":{"line":4,"column":30}},"3":{"start":{"line":10,"column":13},"end":{"line":15,"column":2}},"4":{"start":{"line":11,"column":2},"end":{"line":13,"column":null}}},"fnMap":{"0":{"name":"(anonymous_1)","decl":{"start":{"line":10,"column":54},"end":{"line":10,"column":55}},"loc":{"start":{"line":11,"column":2},"end":{"line":13,"column":null}}}},"branchMap":{},"s":{"0":1,"1":1,"2":1,"3":1,"4":1},"f":{"0":1},"b":{}}
,"C:\\Users\\Alguien\\Desktop\\Lemoncode\\5_testing\\modulo5_testing.git\\trunk\\04_coverage\\src\\pages\\members\\list\\reducers\\index.ts": {"path":"C:\\Users\\Alguien\\Desktop\\Lemoncode\\5_testing\\modulo5_testing.git\\trunk\\04_coverage\\src\\pages\\members\\list\\reducers\\index.ts","statementMap":{"0":{"start":{"line":1,"column":0},"end":{"line":1,"column":26}}},"fnMap":{},"branchMap":{},"s":{"0":0},"f":{},"b":{}}
,"C:\\Users\\Alguien\\Desktop\\Lemoncode\\5_testing\\modulo5_testing.git\\trunk\\04_coverage\\src\\pages\\members\\list\\reducers\\members.ts": {"path":"C:\\Users\\Alguien\\Desktop\\Lemoncode\\5_testing\\modulo5_testing.git\\trunk\\04_coverage\\src\\pages\\members\\list\\reducers\\members.ts","statementMap":{"0":{"start":{"line":1,"column":0},"end":{"line":1,"column":49}},"1":{"start":{"line":6,"column":13},"end":{"line":13,"column":2}},"2":{"start":{"line":9,"column":6},"end":{"line":9,"column":56}},"3":{"start":{"line":12,"column":2},"end":{"line":12,"column":15}},"4":{"start":{"line":15,"column":28},"end":{"line":16,"column":null}},"5":{"start":{"line":16,"column":2},"end":{"line":16,"column":9}}},"fnMap":{"0":{"name":"(anonymous_0)","decl":{"start":{"line":6,"column":30},"end":{"line":6,"column":31}},"loc":{"start":{"line":6,"column":67},"end":{"line":13,"column":1}}},"1":{"name":"(anonymous_1)","decl":{"start":{"line":15,"column":28},"end":{"line":15,"column":29}},"loc":{"start":{"line":16,"column":2},"end":{"line":16,"column":9}}}},"branchMap":{"0":{"loc":{"start":{"line":6,"column":39},"end":{"line":6,"column":41}},"type":"default-arg","locations":[{"start":{"line":6,"column":39},"end":{"line":6,"column":41}}]},"1":{"loc":{"start":{"line":8,"column":4},"end":{"line":9,"column":56}},"type":"switch","locations":[{"start":{"line":8,"column":4},"end":{"line":9,"column":56}}]}},"s":{"0":1,"1":1,"2":1,"3":2,"4":1,"5":1},"f":{"0":3,"1":1},"b":{"0":[1],"1":[1]}}
,"C:\\Users\\Alguien\\Desktop\\Lemoncode\\5_testing\\modulo5_testing.git\\trunk\\04_coverage\\src\\rest-api\\api\\login.ts": {"path":"C:\\Users\\Alguien\\Desktop\\Lemoncode\\5_testing\\modulo5_testing.git\\trunk\\04_coverage\\src\\rest-api\\api\\login.ts","statementMap":{"0":{"start":{"line":3,"column":13},"end":{"line":7,"column":2}},"1":{"start":{"line":4,"column":2},"end":{"line":6,"column":49}},"2":{"start":{"line":9,"column":21},"end":{"line":11,"column":null}},"3":{"start":{"line":10,"column":2},"end":{"line":11,"column":33}}},"fnMap":{"0":{"name":"(anonymous_0)","decl":{"start":{"line":3,"column":21},"end":{"line":3,"column":22}},"loc":{"start":{"line":4,"column":2},"end":{"line":6,"column":49}}},"1":{"name":"(anonymous_1)","decl":{"start":{"line":9,"column":21},"end":{"line":9,"column":22}},"loc":{"start":{"line":10,"column":2},"end":{"line":11,"column":33}}}},"branchMap":{"0":{"loc":{"start":{"line":5,"column":4},"end":{"line":5,"column":21}},"type":"cond-expr","locations":[{"start":{"line":5,"column":4},"end":{"line":5,"column":21}},{"start":{"line":6,"column":4},"end":{"line":6,"column":49}}]},"1":{"loc":{"start":{"line":10,"column":2},"end":{"line":10,"column":31}},"type":"binary-expr","locations":[{"start":{"line":10,"column":2},"end":{"line":10,"column":31}},{"start":{"line":11,"column":2},"end":{"line":11,"column":33}}]}},"s":{"0":2,"1":2,"2":2,"3":2},"f":{"0":2,"1":2},"b":{"0":[0,2],"1":[2,0]}}
,"C:\\Users\\Alguien\\Desktop\\Lemoncode\\5_testing\\modulo5_testing.git\\trunk\\04_coverage\\src\\rest-api\\api\\member.ts": {"path":"C:\\Users\\Alguien\\Desktop\\Lemoncode\\5_testing\\modulo5_testing.git\\trunk\\04_coverage\\src\\rest-api\\api\\member.ts","statementMap":{"0":{"start":{"line":3,"column":16},"end":{"line":3,"column":63}},"1":{"start":{"line":5,"column":13},"end":{"line":8,"column":2}},"2":{"start":{"line":6,"column":2},"end":{"line":7,"column":25}},"3":{"start":{"line":10,"column":23},"end":{"line":13,"column":null}},"4":{"start":{"line":11,"column":2},"end":{"line":13,"column":27}},"5":{"start":{"line":16,"column":22},"end":{"line":20,"column":null}},"6":{"start":{"line":17,"column":2},"end":{"line":20,"column":6}},"7":{"start":{"line":19,"column":6},"end":{"line":19,"column":35}}},"fnMap":{"0":{"name":"(anonymous_0)","decl":{"start":{"line":5,"column":28},"end":{"line":5,"column":50}},"loc":{"start":{"line":6,"column":2},"end":{"line":7,"column":25}}},"1":{"name":"(anonymous_1)","decl":{"start":{"line":10,"column":23},"end":{"line":10,"column":24}},"loc":{"start":{"line":11,"column":2},"end":{"line":13,"column":27}}},"2":{"name":"(anonymous_2)","decl":{"start":{"line":16,"column":22},"end":{"line":16,"column":23}},"loc":{"start":{"line":17,"column":2},"end":{"line":20,"column":6}}},"3":{"name":"(anonymous_3)","decl":{"start":{"line":18,"column":10},"end":{"line":18,"column":11}},"loc":{"start":{"line":19,"column":6},"end":{"line":19,"column":35}}}},"branchMap":{"0":{"loc":{"start":{"line":12,"column":4},"end":{"line":12,"column":19}},"type":"cond-expr","locations":[{"start":{"line":12,"column":4},"end":{"line":12,"column":19}},{"start":{"line":13,"column":4},"end":{"line":13,"column":27}}]}},"s":{"0":2,"1":2,"2":0,"3":2,"4":0,"5":2,"6":0,"7":0},"f":{"0":0,"1":0,"2":0,"3":0},"b":{"0":[0,0]}}
}
