TN:
SF:C:\Users\Alguien\Desktop\Lemoncode\5_testing\modulo5_testing.git\trunk\04_coverage\src\app.tsx
FN:3,(anonymous_1)
FNF:1
FNH:0
FNDA:0,(anonymous_1)
DA:1,0
DA:3,0
DA:4,0
LF:3
LH:0
BRF:0
BRH:0
end_of_record
TN:
SF:C:\Users\Alguien\Desktop\Lemoncode\5_testing\modulo5_testing.git\trunk\04_coverage\src\appProvider.tsx
FN:7,(anonymous_1)
FNF:1
FNH:0
FNDA:0,(anonymous_1)
DA:1,0
DA:2,0
DA:3,0
DA:4,0
DA:5,0
DA:7,0
DA:8,0
DA:13,0
LF:8
LH:0
BRF:0
BRH:0
end_of_record
TN:
SF:C:\Users\Alguien\Desktop\Lemoncode\5_testing\modulo5_testing.git\trunk\04_coverage\src\appRouter.tsx
FN:6,(anonymous_1)
FNF:1
FNH:0
FNDA:0,(anonymous_1)
DA:1,0
DA:2,0
DA:3,0
DA:4,0
DA:6,0
DA:7,0
LF:6
LH:0
BRF:0
BRH:0
end_of_record
TN:
SF:C:\Users\Alguien\Desktop\Lemoncode\5_testing\modulo5_testing.git\trunk\04_coverage\src\history.ts
FNF:0
FNH:0
DA:1,2
DA:3,2
LF:2
LH:2
BRF:0
BRH:0
end_of_record
TN:
SF:C:\Users\Alguien\Desktop\Lemoncode\5_testing\modulo5_testing.git\trunk\04_coverage\src\index.tsx
FNF:0
FNH:0
DA:1,0
DA:2,0
DA:3,0
DA:5,0
LF:4
LH:0
BRF:0
BRH:0
end_of_record
TN:
SF:C:\Users\Alguien\Desktop\Lemoncode\5_testing\modulo5_testing.git\trunk\04_coverage\src\routes.tsx
FN:7,(anonymous_1)
FNF:1
FNH:0
FNDA:0,(anonymous_1)
DA:1,0
DA:2,0
DA:3,0
DA:4,0
DA:5,0
DA:7,0
DA:8,0
LF:7
LH:0
BRF:0
BRH:0
end_of_record
TN:
SF:C:\Users\Alguien\Desktop\Lemoncode\5_testing\modulo5_testing.git\trunk\04_coverage\src\store.ts
FNF:0
FNH:0
DA:1,0
DA:2,0
DA:3,0
DA:5,0
DA:6,0
DA:8,0
LF:6
LH:0
BRDA:6,0,0,0
BRDA:6,0,1,0
BRF:2
BRH:0
end_of_record
TN:
SF:C:\Users\Alguien\Desktop\Lemoncode\5_testing\modulo5_testing.git\trunk\04_coverage\src\common\components\form\button.tsx
FN:9,(anonymous_1)
FN:23,(anonymous_2)
FN:23,(anonymous_3)
FNF:3
FNH:3
FNDA:3,(anonymous_1)
FNDA:3,(anonymous_2)
FNDA:1,(anonymous_3)
DA:1,2
DA:9,2
DA:10,3
DA:19,2
DA:23,3
DA:24,1
DA:25,1
LF:7
LH:7
BRF:0
BRH:0
end_of_record
TN:
SF:C:\Users\Alguien\Desktop\Lemoncode\5_testing\modulo5_testing.git\trunk\04_coverage\src\common\components\form\index.ts
FNF:0
FNH:0
DA:1,1
DA:2,1
LF:2
LH:2
BRF:0
BRH:0
end_of_record
TN:
SF:C:\Users\Alguien\Desktop\Lemoncode\5_testing\modulo5_testing.git\trunk\04_coverage\src\common\components\form\input.tsx
FN:14,(anonymous_1)
FN:37,(anonymous_2)
FN:43,(anonymous_3)
FN:43,(anonymous_4)
FNF:4
FNH:4
FNDA:4,(anonymous_1)
FNDA:4,(anonymous_2)
FNDA:4,(anonymous_3)
FNDA:1,(anonymous_4)
DA:1,2
DA:14,2
DA:15,4
DA:37,2
DA:38,4
DA:43,4
DA:44,1
DA:47,2
LF:8
LH:8
BRDA:28,0,0,4
BRDA:28,0,1,3
BRDA:39,1,0,3
BRDA:39,1,1,1
BRF:4
BRH:4
end_of_record
TN:
SF:C:\Users\Alguien\Desktop\Lemoncode\5_testing\modulo5_testing.git\trunk\04_coverage\src\common\components\panel\index.ts
FNF:0
FNH:0
DA:1,1
LF:1
LH:1
BRF:0
BRH:0
end_of_record
TN:
SF:C:\Users\Alguien\Desktop\Lemoncode\5_testing\modulo5_testing.git\trunk\04_coverage\src\common\components\panel\panel.tsx
FN:8,(anonymous_1)
FNF:1
FNH:1
FNDA:2,(anonymous_1)
DA:1,2
DA:2,2
DA:8,2
DA:9,2
LF:4
LH:4
BRF:0
BRH:0
end_of_record
TN:
SF:C:\Users\Alguien\Desktop\Lemoncode\5_testing\modulo5_testing.git\trunk\04_coverage\src\common\components\panel\components\body.tsx
FN:3,(anonymous_1)
FNF:1
FNH:1
FNDA:2,(anonymous_1)
DA:1,3
DA:3,3
DA:4,2
LF:3
LH:3
BRF:0
BRH:0
end_of_record
TN:
SF:C:\Users\Alguien\Desktop\Lemoncode\5_testing\modulo5_testing.git\trunk\04_coverage\src\common\components\panel\components\header.tsx
FN:8,(anonymous_1)
FNF:1
FNH:1
FNDA:2,(anonymous_1)
DA:1,3
DA:2,3
DA:8,3
DA:9,2
LF:4
LH:4
BRF:0
BRH:0
end_of_record
TN:
SF:C:\Users\Alguien\Desktop\Lemoncode\5_testing\modulo5_testing.git\trunk\04_coverage\src\common\components\panel\components\index.ts
FNF:0
FNH:0
DA:1,2
DA:2,2
LF:2
LH:2
BRF:0
BRH:0
end_of_record
TN:
SF:C:\Users\Alguien\Desktop\Lemoncode\5_testing\modulo5_testing.git\trunk\04_coverage\src\common\constants\routes\index.ts
FNF:0
FNH:0
DA:1,2
LF:1
LH:1
BRF:0
BRH:0
end_of_record
TN:
SF:C:\Users\Alguien\Desktop\Lemoncode\5_testing\modulo5_testing.git\trunk\04_coverage\src\pages\index.ts
FNF:0
FNH:0
DA:1,0
DA:2,0
DA:3,0
LF:3
LH:0
BRF:0
BRH:0
end_of_record
TN:
SF:C:\Users\Alguien\Desktop\Lemoncode\5_testing\modulo5_testing.git\trunk\04_coverage\src\pages\reducers.ts
FNF:0
FNH:0
DA:1,0
DA:2,0
DA:3,0
DA:10,0
LF:4
LH:0
BRF:0
BRH:0
end_of_record
TN:
SF:C:\Users\Alguien\Desktop\Lemoncode\5_testing\modulo5_testing.git\trunk\04_coverage\src\pages\login\index.ts
FNF:0
FNH:0
DA:1,0
DA:2,0
LF:2
LH:0
BRF:0
BRH:0
end_of_record
TN:
SF:C:\Users\Alguien\Desktop\Lemoncode\5_testing\modulo5_testing.git\trunk\04_coverage\src\pages\login\mappers.ts
FN:4,(anonymous_0)
FNF:1
FNH:1
FNDA:5,(anonymous_0)
DA:4,3
DA:5,5
LF:2
LH:2
BRDA:5,0,0,3
BRDA:5,0,1,2
BRF:2
BRH:2
end_of_record
TN:
SF:C:\Users\Alguien\Desktop\Lemoncode\5_testing\modulo5_testing.git\trunk\04_coverage\src\pages\login\page.tsx
FN:5,(anonymous_1)
FNF:1
FNH:0
FNDA:0,(anonymous_1)
DA:1,1
DA:2,1
DA:3,1
DA:5,1
DA:6,0
LF:5
LH:4
BRF:0
BRH:0
end_of_record
TN:
SF:C:\Users\Alguien\Desktop\Lemoncode\5_testing\modulo5_testing.git\trunk\04_coverage\src\pages\login\pageContainer.tsx
FN:14,(anonymous_2)
FN:14,(anonymous_3)
FN:17,(anonymous_4)
FN:17,(anonymous_5)
FN:20,(anonymous_6)
FNF:5
FNH:5
FNDA:4,(anonymous_2)
FNDA:1,(anonymous_3)
FNDA:4,(anonymous_4)
FNDA:1,(anonymous_5)
FNDA:4,(anonymous_6)
DA:1,1
DA:3,1
DA:4,1
DA:6,1
DA:8,1
DA:13,1
DA:14,4
DA:17,4
DA:20,4
DA:27,1
LF:10
LH:10
BRF:0
BRH:0
end_of_record
TN:
SF:C:\Users\Alguien\Desktop\Lemoncode\5_testing\modulo5_testing.git\trunk\04_coverage\src\pages\login\validations.ts
FNF:0
FNH:0
DA:1,4
DA:14,4
LF:2
LH:2
BRF:0
BRH:0
end_of_record
TN:
SF:C:\Users\Alguien\Desktop\Lemoncode\5_testing\modulo5_testing.git\trunk\04_coverage\src\pages\login\viewModel.ts
FNF:0
FNH:0
DA:1,2
DA:8,2
DA:18,2
LF:3
LH:3
BRF:0
BRH:0
end_of_record
TN:
SF:C:\Users\Alguien\Desktop\Lemoncode\5_testing\modulo5_testing.git\trunk\04_coverage\src\pages\login\actions\actionIds.ts
FNF:0
FNH:0
DA:1,4
LF:1
LH:1
BRF:0
BRH:0
end_of_record
TN:
SF:C:\Users\Alguien\Desktop\Lemoncode\5_testing\modulo5_testing.git\trunk\04_coverage\src\pages\login\actions\loginRequest.ts
FN:10,(anonymous_0)
FN:10,(anonymous_1)
FN:12,(anonymous_2)
FN:19,(anonymous_3)
FN:22,(anonymous_4)
FNF:5
FNH:5
FNDA:5,(anonymous_0)
FNDA:5,(anonymous_1)
FNDA:5,(anonymous_2)
FNDA:4,(anonymous_3)
FNDA:1,(anonymous_4)
DA:2,2
DA:4,2
DA:5,2
DA:6,2
DA:7,2
DA:8,2
DA:10,5
DA:11,5
DA:13,5
DA:19,2
DA:20,4
DA:21,4
DA:23,1
DA:28,2
LF:14
LH:14
BRDA:14,0,0,4
BRDA:14,0,1,1
BRF:2
BRH:2
end_of_record
TN:
SF:C:\Users\Alguien\Desktop\Lemoncode\5_testing\modulo5_testing.git\trunk\04_coverage\src\pages\login\actions\updateLoginEntityField.ts
FN:6,(anonymous_0)
FN:10,(anonymous_1)
FN:13,(anonymous_2)
FNF:3
FNH:3
FNDA:2,(anonymous_0)
FNDA:2,(anonymous_1)
FNDA:2,(anonymous_2)
DA:2,2
DA:3,2
DA:6,2
DA:10,2
DA:11,2
DA:14,2
DA:16,2
DA:19,2
DA:22,2
LF:9
LH:9
BRF:0
BRH:0
end_of_record
TN:
SF:C:\Users\Alguien\Desktop\Lemoncode\5_testing\modulo5_testing.git\trunk\04_coverage\src\pages\login\components\form.tsx
FN:5,(anonymous_1)
FNF:1
FNH:0
FNDA:0,(anonymous_1)
DA:1,1
DA:3,1
DA:5,1
DA:6,0
LF:4
LH:3
BRF:0
BRH:0
end_of_record
TN:
SF:C:\Users\Alguien\Desktop\Lemoncode\5_testing\modulo5_testing.git\trunk\04_coverage\src\pages\login\components\index.ts
FNF:0
FNH:0
DA:1,1
LF:1
LH:1
BRF:0
BRH:0
end_of_record
TN:
SF:C:\Users\Alguien\Desktop\Lemoncode\5_testing\modulo5_testing.git\trunk\04_coverage\src\pages\login\reducers\index.ts
FNF:0
FNH:0
DA:1,0
LF:1
LH:0
BRF:0
BRH:0
end_of_record
TN:
SF:C:\Users\Alguien\Desktop\Lemoncode\5_testing\modulo5_testing.git\trunk\04_coverage\src\pages\login\reducers\login.ts
FN:17,(anonymous_1)
FN:40,(anonymous_3)
FNF:2
FNH:2
FNDA:5,(anonymous_1)
FNDA:1,(anonymous_3)
DA:1,1
DA:2,1
DA:12,1
DA:17,1
DA:20,2
DA:23,1
DA:26,2
DA:29,1
DA:40,1
LF:9
LH:9
BRDA:17,0,0,1
BRDA:19,1,0,2
BRDA:19,1,1,1
BRF:3
BRH:3
end_of_record
TN:
SF:C:\Users\Alguien\Desktop\Lemoncode\5_testing\modulo5_testing.git\trunk\04_coverage\src\pages\members\index.ts
FNF:0
FNH:0
DA:1,0
LF:1
LH:0
BRF:0
BRH:0
end_of_record
TN:
SF:C:\Users\Alguien\Desktop\Lemoncode\5_testing\modulo5_testing.git\trunk\04_coverage\src\pages\members\list\mappers.ts
FN:4,(anonymous_0)
FNF:1
FNH:1
FNDA:7,(anonymous_0)
DA:4,2
DA:5,7
DA:10,2
LF:3
LH:3
BRDA:6,0,0,5
BRDA:6,0,1,2
BRF:2
BRH:2
end_of_record
TN:
SF:C:\Users\Alguien\Desktop\Lemoncode\5_testing\modulo5_testing.git\trunk\04_coverage\src\pages\members\list\page.tsx
FN:9,(anonymous_1)
FNF:1
FNH:1
FNDA:1,(anonymous_1)
DA:1,1
DA:3,1
DA:9,1
DA:10,1
LF:4
LH:4
BRF:0
BRH:0
end_of_record
TN:
SF:C:\Users\Alguien\Desktop\Lemoncode\5_testing\modulo5_testing.git\trunk\04_coverage\src\pages\members\list\pageContainer.tsx
FN:14,(anonymous_3)
FN:23,(anonymous_4)
FN:27,(anonymous_5)
FNF:3
FNH:3
FNDA:1,(anonymous_3)
FNDA:1,(anonymous_4)
FNDA:1,(anonymous_5)
DA:1,1
DA:2,1
DA:4,1
DA:5,1
DA:7,1
DA:9,1
DA:13,1
DA:14,1
DA:24,1
DA:28,1
DA:36,1
LF:11
LH:11
BRF:0
BRH:0
end_of_record
TN:
SF:C:\Users\Alguien\Desktop\Lemoncode\5_testing\modulo5_testing.git\trunk\04_coverage\src\pages\members\list\actions\actionIds.ts
FNF:0
FNH:0
DA:1,3
LF:1
LH:1
BRF:0
BRH:0
end_of_record
TN:
SF:C:\Users\Alguien\Desktop\Lemoncode\5_testing\modulo5_testing.git\trunk\04_coverage\src\pages\members\list\actions\fetchMembers.ts
FN:5,(anonymous_1)
FN:5,(anonymous_2)
FN:7,(anonymous_3)
FNF:3
FNH:3
FNDA:3,(anonymous_1)
FNDA:3,(anonymous_2)
FNDA:2,(anonymous_3)
DA:1,2
DA:3,2
DA:5,3
DA:6,3
DA:7,2
DA:11,2
LF:6
LH:6
BRF:0
BRH:0
end_of_record
TN:
SF:C:\Users\Alguien\Desktop\Lemoncode\5_testing\modulo5_testing.git\trunk\04_coverage\src\pages\members\list\components\body.tsx
FN:9,(anonymous_1)
FN:12,(anonymous_2)
FNF:2
FNH:2
FNDA:1,(anonymous_1)
FNDA:1,(anonymous_2)
DA:1,1
DA:3,1
DA:9,1
DA:10,1
DA:13,1
LF:5
LH:5
BRF:0
BRH:0
end_of_record
TN:
SF:C:\Users\Alguien\Desktop\Lemoncode\5_testing\modulo5_testing.git\trunk\04_coverage\src\pages\members\list\components\header.tsx
FN:3,(anonymous_1)
FNF:1
FNH:1
FNDA:1,(anonymous_1)
DA:1,1
DA:3,1
DA:4,1
LF:3
LH:3
BRF:0
BRH:0
end_of_record
TN:
SF:C:\Users\Alguien\Desktop\Lemoncode\5_testing\modulo5_testing.git\trunk\04_coverage\src\pages\members\list\components\index.ts
FNF:0
FNH:0
DA:1,1
LF:1
LH:1
BRF:0
BRH:0
end_of_record
TN:
SF:C:\Users\Alguien\Desktop\Lemoncode\5_testing\modulo5_testing.git\trunk\04_coverage\src\pages\members\list\components\row.tsx
FN:8,(anonymous_1)
FNF:1
FNH:1
FNDA:1,(anonymous_1)
DA:1,1
DA:8,1
DA:9,1
LF:3
LH:3
BRF:0
BRH:0
end_of_record
TN:
SF:C:\Users\Alguien\Desktop\Lemoncode\5_testing\modulo5_testing.git\trunk\04_coverage\src\pages\members\list\components\table.tsx
FN:10,(anonymous_1)
FNF:1
FNH:1
FNDA:1,(anonymous_1)
DA:1,1
DA:3,1
DA:4,1
DA:10,1
DA:11,1
LF:5
LH:5
BRF:0
BRH:0
end_of_record
TN:
SF:C:\Users\Alguien\Desktop\Lemoncode\5_testing\modulo5_testing.git\trunk\04_coverage\src\pages\members\list\reducers\index.ts
FNF:0
FNH:0
DA:1,0
LF:1
LH:0
BRF:0
BRH:0
end_of_record
TN:
SF:C:\Users\Alguien\Desktop\Lemoncode\5_testing\modulo5_testing.git\trunk\04_coverage\src\pages\members\list\reducers\members.ts
FN:6,(anonymous_0)
FN:15,(anonymous_1)
FNF:2
FNH:2
FNDA:3,(anonymous_0)
FNDA:1,(anonymous_1)
DA:1,1
DA:6,1
DA:9,1
DA:12,2
DA:15,1
DA:16,1
LF:6
LH:6
BRDA:6,0,0,1
BRDA:8,1,0,1
BRF:2
BRH:2
end_of_record
TN:
SF:C:\Users\Alguien\Desktop\Lemoncode\5_testing\modulo5_testing.git\trunk\04_coverage\src\rest-api\api\login.ts
FN:3,(anonymous_0)
FN:9,(anonymous_1)
FNF:2
FNH:2
FNDA:2,(anonymous_0)
FNDA:2,(anonymous_1)
DA:3,2
DA:4,2
DA:9,2
DA:10,2
LF:4
LH:4
BRDA:5,0,0,0
BRDA:5,0,1,2
BRDA:10,1,0,2
BRDA:10,1,1,0
BRF:4
BRH:2
end_of_record
TN:
SF:C:\Users\Alguien\Desktop\Lemoncode\5_testing\modulo5_testing.git\trunk\04_coverage\src\rest-api\api\member.ts
FN:5,(anonymous_0)
FN:10,(anonymous_1)
FN:16,(anonymous_2)
FN:18,(anonymous_3)
FNF:4
FNH:0
FNDA:0,(anonymous_0)
FNDA:0,(anonymous_1)
FNDA:0,(anonymous_2)
FNDA:0,(anonymous_3)
DA:3,2
DA:5,2
DA:6,0
DA:10,2
DA:11,0
DA:16,2
DA:17,0
DA:19,0
LF:8
LH:4
BRDA:12,0,0,0
BRDA:12,0,1,0
BRF:2
BRH:0
end_of_record
